2025-04-07 20:43:17 - Iniciando proceso de importación
2025-04-07 20:43:17 - Archivo: prueba2.CSV
2025-04-07 20:43:17 - Encabezados encontrados: nombre, precio, categoria_id, descripcion, descripcion_corta, precio_oferta, stock, marca, modelo, caracteristicas, destacado, nuevo, activo
2025-04-07 20:43:17 - Procesando fila 2
2025-04-07 20:43:17 - Intentando insertar producto: HP-SMART-TANK-530-MULTIFUNCIONAL-WIFI
2025-04-07 20:43:17 - Producto insertado correctamente: HP-SMART-TANK-530-MULTIFUNCIONAL-WIFI
2025-04-07 20:43:17 - Procesando fila 3
2025-04-07 20:43:17 - Intentando insertar producto: EPSON-ECOTANK-L3250-MULTIFUNCIONAL-WIFI
2025-04-07 20:43:17 - Producto insertado correctamente: EPSON-ECOTANK-L3250-MULTIFUNCIONAL-WIFI
2025-04-07 20:43:17 - Procesando fila 4
2025-04-07 20:43:17 - Intentando insertar producto: HP-DESKJET-2874-INYECCION-COMPACTA
2025-04-07 20:43:17 - Producto insertado correctamente: HP-DESKJET-2874-INYECCION-COMPACTA
2025-04-07 20:43:17 - Procesando fila 5
2025-04-07 20:43:17 - ERROR en fila 5: Número de columnas inconsistente. Se esperaban 13, se encontraron 15
2025-04-07 20:43:17 - Procesando fila 6
2025-04-07 20:43:17 - ERROR en fila 6: Número de columnas inconsistente. Se esperaban 13, se encontraron 15
2025-04-07 20:43:17 - Procesando fila 7
2025-04-07 20:43:17 - Intentando insertar producto: AMD-RADEON-RX580-GAMING-8GB
2025-04-07 20:43:17 - Producto insertado correctamente: AMD-RADEON-RX580-GAMING-8GB
2025-04-07 20:43:17 - Procesando fila 8
2025-04-07 20:43:17 - Intentando insertar producto: AMD-RADEON-RX6500XT-GAMING-4GB
2025-04-07 20:43:17 - Producto insertado correctamente: AMD-RADEON-RX6500XT-GAMING-4GB
2025-04-07 20:43:17 - Procesando fila 9
2025-04-07 20:43:17 - Intentando insertar producto: NVIDIA-GEFORCE-GT730-4GB-DDR3
2025-04-07 20:43:17 - Producto insertado correctamente: NVIDIA-GEFORCE-GT730-4GB-DDR3
2025-04-07 20:43:17 - Procesando fila 10
2025-04-07 20:43:17 - Intentando insertar producto: INTEL-CORE-I5-12400-12VA
2025-04-07 20:43:17 - Producto insertado correctamente: INTEL-CORE-I5-12400-12VA
2025-04-07 20:43:17 - Procesando fila 11
2025-04-07 20:43:17 - Intentando insertar producto: INTEL-CORE-I5-11400-11VA
2025-04-07 20:43:17 - Producto insertado correctamente: INTEL-CORE-I5-11400-11VA
2025-04-07 20:43:17 - Procesando fila 12
2025-04-07 20:43:17 - Intentando insertar producto: INTEL-CORE-I5-10400F-10MA
2025-04-07 20:43:17 - Producto insertado correctamente: INTEL-CORE-I5-10400F-10MA
2025-04-07 20:43:17 - Procesando fila 13
2025-04-07 20:43:17 - Intentando insertar producto: INTEL-CORE-I3-10100F-10MA
2025-04-07 20:43:17 - Producto insertado correctamente: INTEL-CORE-I3-10100F-10MA
2025-04-07 20:43:17 - Procesando fila 14
2025-04-07 20:43:17 - Intentando insertar producto: INTEL-CORE-I5-9400-9NA
2025-04-07 20:43:17 - Producto insertado correctamente: INTEL-CORE-I5-9400-9NA
2025-04-07 20:43:17 - Procesando fila 15
2025-04-07 20:43:17 - Intentando insertar producto: INTEL-CORE-I7-7700-7MA
2025-04-07 20:43:17 - Producto insertado correctamente: INTEL-CORE-I7-7700-7MA
2025-04-07 20:43:17 - Procesando fila 16
2025-04-07 20:43:17 - Intentando insertar producto: INTEL-CORE-I5-7400-7MA
2025-04-07 20:43:17 - Producto insertado correctamente: INTEL-CORE-I5-7400-7MA
2025-04-07 20:43:17 - Procesando fila 17
2025-04-07 20:43:17 - Intentando insertar producto: INTEL-CORE-I5-9400F-9NA
2025-04-07 20:43:17 - Producto insertado correctamente: INTEL-CORE-I5-9400F-9NA
2025-04-07 20:43:17 - Procesando fila 18
2025-04-07 20:43:17 - Intentando insertar producto: INTEL-CORE-I5-10500-10MA
2025-04-07 20:43:17 - Producto insertado correctamente: INTEL-CORE-I5-10500-10MA
2025-04-07 20:43:17 - Procesando fila 19
2025-04-07 20:43:17 - Intentando insertar producto: INTEL-CORE-I5-12400F-12VA
2025-04-07 20:43:17 - Producto insertado correctamente: INTEL-CORE-I5-12400F-12VA
2025-04-07 20:43:17 - Procesando fila 20
2025-04-07 20:43:17 - Intentando insertar producto: INTEL-CORE-I3-12100F-12VA
2025-04-07 20:43:17 - Producto insertado correctamente: INTEL-CORE-I3-12100F-12VA
2025-04-07 20:43:17 - Procesando fila 21
2025-04-07 20:43:17 - Intentando insertar producto: INTEL-CORE-I7-9700KF-9NA
2025-04-07 20:43:17 - Producto insertado correctamente: INTEL-CORE-I7-9700KF-9NA
2025-04-07 20:43:17 - Procesando fila 22
2025-04-07 20:43:17 - ERROR en fila 22: Número de columnas inconsistente. Se esperaban 13, se encontraron 15
2025-04-07 20:43:17 - Procesando fila 23
2025-04-07 20:43:17 - ERROR en fila 23: Número de columnas inconsistente. Se esperaban 13, se encontraron 15
2025-04-07 20:43:17 - Procesando fila 24
2025-04-07 20:43:17 - Intentando insertar producto: AMD-RYZEN-5-8600G-8VA
2025-04-07 20:43:17 - Producto insertado correctamente: AMD-RYZEN-5-8600G-8VA
2025-04-07 20:43:17 - Procesando fila 25
2025-04-07 20:43:17 - Intentando insertar producto: AMD-RYZEN-7-5700G-5TA
2025-04-07 20:43:17 - Producto insertado correctamente: AMD-RYZEN-7-5700G-5TA
2025-04-07 20:43:17 - Procesando fila 26
2025-04-07 20:43:17 - Intentando insertar producto: AMD-RYZEN-5-2400G-2DA
2025-04-07 20:43:17 - Producto insertado correctamente: AMD-RYZEN-5-2400G-2DA
2025-04-07 20:43:17 - Procesando fila 27
2025-04-07 20:43:17 - Intentando insertar producto: AMD-RYZEN-5-3600-3RA
2025-04-07 20:43:17 - Producto insertado correctamente: AMD-RYZEN-5-3600-3RA
2025-04-07 20:43:17 - Procesando fila 28
2025-04-07 20:43:17 - Intentando insertar producto: AMD-RYZEN-3-2200G-2DA
2025-04-07 20:43:17 - Producto insertado correctamente: AMD-RYZEN-3-2200G-2DA
2025-04-07 20:43:17 - Procesando fila 29
2025-04-07 20:43:17 - ERROR en fila 29: La categoría con ID 11 no existe
2025-04-07 20:43:17 - Procesando fila 30
2025-04-07 20:43:17 - ERROR en fila 30: La categoría con ID 11 no existe
2025-04-07 20:43:17 - Procesando fila 31
2025-04-07 20:43:17 - ERROR en fila 31: La categoría con ID 11 no existe
2025-04-07 20:43:17 - Procesando fila 32
2025-04-07 20:43:17 - ERROR en fila 32: La categoría con ID 11 no existe
2025-04-07 20:43:17 - Procesando fila 33
2025-04-07 20:43:17 - ERROR en fila 33: La categoría con ID 11 no existe
2025-04-07 20:43:17 - Procesando fila 34
2025-04-07 20:43:17 - ERROR en fila 34: La categoría con ID 11 no existe
2025-04-07 20:43:17 - Procesando fila 35
2025-04-07 20:43:17 - ERROR en fila 35: La categoría con ID 11 no existe
2025-04-07 20:43:17 - Procesando fila 36
2025-04-07 20:43:17 - ERROR en fila 36: La categoría con ID 11 no existe
2025-04-07 20:43:17 - Procesando fila 37
2025-04-07 20:43:17 - ERROR en fila 37: Número de columnas inconsistente. Se esperaban 13, se encontraron 15
2025-04-07 20:43:17 - Procesando fila 38
2025-04-07 20:43:17 - ERROR en fila 38: Número de columnas inconsistente. Se esperaban 13, se encontraron 15
2025-04-07 20:43:17 - Procesando fila 39
2025-04-07 20:43:17 - ERROR en fila 39: La categoría con ID 11 no existe
2025-04-07 20:43:17 - Procesando fila 40
2025-04-07 20:43:17 - ERROR en fila 40: Número de columnas inconsistente. Se esperaban 13, se encontraron 15
2025-04-07 20:43:17 - Procesando fila 41
2025-04-07 20:43:17 - ERROR en fila 41: La categoría con ID 11 no existe
2025-04-07 20:43:17 - Procesando fila 42
2025-04-07 20:43:17 - ERROR en fila 42: La categoría con ID 11 no existe
2025-04-07 20:43:17 - Procesando fila 43
2025-04-07 20:43:17 - ERROR en fila 43: La categoría con ID 11 no existe
2025-04-07 20:43:17 - Procesando fila 44
2025-04-07 20:43:17 - ERROR en fila 44: La categoría con ID 11 no existe
2025-04-07 20:43:17 - Procesando fila 45
2025-04-07 20:43:17 - ERROR en fila 45: La categoría con ID 11 no existe
2025-04-07 20:43:17 - Procesando fila 46
2025-04-07 20:43:17 - ERROR en fila 46: La categoría con ID 11 no existe
2025-04-07 20:43:17 - Procesando fila 47
2025-04-07 20:43:17 - ERROR en fila 47: La categoría con ID 11 no existe
2025-04-07 20:43:18 - Procesando fila 48
2025-04-07 20:43:18 - ERROR en fila 48: La categoría con ID 11 no existe
2025-04-07 20:43:18 - Procesando fila 49
2025-04-07 20:43:18 - ERROR en fila 49: La categoría con ID 11 no existe
2025-04-07 20:43:18 - Procesando fila 50
2025-04-07 20:43:18 - ERROR en fila 50: La categoría con ID 11 no existe
2025-04-07 20:43:18 - Procesando fila 51
2025-04-07 20:43:18 - ERROR en fila 51: Número de columnas inconsistente. Se esperaban 13, se encontraron 15
2025-04-07 20:43:18 - Procesando fila 52
2025-04-07 20:43:18 - ERROR en fila 52: Número de columnas inconsistente. Se esperaban 13, se encontraron 14
2025-04-07 20:43:18 - Proceso de importación completado: 23 productos importados, 28 errores
