2025-04-08 06:08:23 - Iniciando proceso de importación
2025-04-08 06:08:23 - Archivo: prueba2.CSV
2025-04-08 06:08:23 - Encabezados encontrados: nombre, precio, categoria_id, descripcion, descripcion_corta, precio_oferta, stock, marca, modelo, caracteristicas, destacado, nuevo, activo
2025-04-08 06:08:23 - Procesando fila 2
2025-04-08 06:08:23 - ERROR en fila 2: Número de columnas inconsistente. Se esperaban 13, se encontraron 6
2025-04-08 06:08:23 - Procesando fila 3
2025-04-08 06:08:23 - ERROR en fila 3: Número de columnas inconsistente. Se esperaban 13, se encontraron 8
2025-04-08 06:08:23 - Procesando fila 4
2025-04-08 06:08:23 - ERROR en fila 4: Número de columnas inconsistente. Se esperaban 13, se encontraron 6
2025-04-08 06:08:23 - Procesando fila 5
2025-04-08 06:08:23 - ERROR en fila 5: Número de columnas inconsistente. Se esperaban 13, se encontraron 3
2025-04-08 06:08:23 - Procesando fila 6
2025-04-08 06:08:23 - ERROR en fila 6: Número de columnas inconsistente. Se esperaban 13, se encontraron 3
2025-04-08 06:08:23 - Procesando fila 7
2025-04-08 06:08:23 - ERROR en fila 7: Número de columnas inconsistente. Se esperaban 13, se encontraron 3
2025-04-08 06:08:23 - Procesando fila 8
2025-04-08 06:08:23 - ERROR en fila 8: Número de columnas inconsistente. Se esperaban 13, se encontraron 2
2025-04-08 06:08:23 - Procesando fila 9
2025-04-08 06:08:23 - ERROR en fila 9: Número de columnas inconsistente. Se esperaban 13, se encontraron 3
2025-04-08 06:08:23 - Procesando fila 10
2025-04-08 06:08:23 - ERROR en fila 10: Número de columnas inconsistente. Se esperaban 13, se encontraron 5
2025-04-08 06:08:23 - Procesando fila 11
2025-04-08 06:08:23 - ERROR en fila 11: Número de columnas inconsistente. Se esperaban 13, se encontraron 4
2025-04-08 06:08:23 - Procesando fila 12
2025-04-08 06:08:23 - ERROR en fila 12: Número de columnas inconsistente. Se esperaban 13, se encontraron 4
2025-04-08 06:08:23 - Procesando fila 13
2025-04-08 06:08:23 - ERROR en fila 13: Número de columnas inconsistente. Se esperaban 13, se encontraron 5
2025-04-08 06:08:23 - Procesando fila 14
2025-04-08 06:08:23 - ERROR en fila 14: Número de columnas inconsistente. Se esperaban 13, se encontraron 3
2025-04-08 06:08:23 - Procesando fila 15
2025-04-08 06:08:23 - ERROR en fila 15: Número de columnas inconsistente. Se esperaban 13, se encontraron 3
2025-04-08 06:08:23 - Procesando fila 16
2025-04-08 06:08:23 - ERROR en fila 16: Número de columnas inconsistente. Se esperaban 13, se encontraron 3
2025-04-08 06:08:23 - Procesando fila 17
2025-04-08 06:08:23 - ERROR en fila 17: Número de columnas inconsistente. Se esperaban 13, se encontraron 2
2025-04-08 06:08:23 - Procesando fila 18
2025-04-08 06:08:23 - ERROR en fila 18: Número de columnas inconsistente. Se esperaban 13, se encontraron 3
2025-04-08 06:08:23 - Procesando fila 19
2025-04-08 06:08:23 - ERROR en fila 19: Número de columnas inconsistente. Se esperaban 13, se encontraron 2
2025-04-08 06:08:23 - Procesando fila 20
2025-04-08 06:08:23 - ERROR en fila 20: Número de columnas inconsistente. Se esperaban 13, se encontraron 5
2025-04-08 06:08:23 - Procesando fila 21
2025-04-08 06:08:23 - ERROR en fila 21: Número de columnas inconsistente. Se esperaban 13, se encontraron 5
2025-04-08 06:08:23 - Procesando fila 22
2025-04-08 06:08:23 - ERROR en fila 22: Número de columnas inconsistente. Se esperaban 13, se encontraron 3
2025-04-08 06:08:23 - Procesando fila 23
2025-04-08 06:08:23 - ERROR en fila 23: Número de columnas inconsistente. Se esperaban 13, se encontraron 4
2025-04-08 06:08:23 - Procesando fila 24
2025-04-08 06:08:23 - ERROR en fila 24: Número de columnas inconsistente. Se esperaban 13, se encontraron 4
2025-04-08 06:08:23 - Procesando fila 25
2025-04-08 06:08:23 - ERROR en fila 25: Número de columnas inconsistente. Se esperaban 13, se encontraron 3
2025-04-08 06:08:23 - Procesando fila 26
2025-04-08 06:08:23 - ERROR en fila 26: Número de columnas inconsistente. Se esperaban 13, se encontraron 4
2025-04-08 06:08:23 - Procesando fila 27
2025-04-08 06:08:23 - ERROR en fila 27: Número de columnas inconsistente. Se esperaban 13, se encontraron 2
2025-04-08 06:08:23 - Procesando fila 28
2025-04-08 06:08:23 - ERROR en fila 28: Número de columnas inconsistente. Se esperaban 13, se encontraron 3
2025-04-08 06:08:23 - Procesando fila 29
2025-04-08 06:08:23 - ERROR en fila 29: Número de columnas inconsistente. Se esperaban 13, se encontraron 3
2025-04-08 06:08:23 - Procesando fila 30
2025-04-08 06:08:23 - ERROR en fila 30: Número de columnas inconsistente. Se esperaban 13, se encontraron 4
2025-04-08 06:08:23 - Procesando fila 31
2025-04-08 06:08:23 - ERROR en fila 31: Número de columnas inconsistente. Se esperaban 13, se encontraron 3
2025-04-08 06:08:23 - Procesando fila 32
2025-04-08 06:08:23 - ERROR en fila 32: Número de columnas inconsistente. Se esperaban 13, se encontraron 3
2025-04-08 06:08:23 - Procesando fila 33
2025-04-08 06:08:23 - ERROR en fila 33: Número de columnas inconsistente. Se esperaban 13, se encontraron 4
2025-04-08 06:08:23 - Procesando fila 34
2025-04-08 06:08:23 - ERROR en fila 34: Número de columnas inconsistente. Se esperaban 13, se encontraron 3
2025-04-08 06:08:23 - Procesando fila 35
2025-04-08 06:08:23 - ERROR en fila 35: Número de columnas inconsistente. Se esperaban 13, se encontraron 4
2025-04-08 06:08:23 - Procesando fila 36
2025-04-08 06:08:23 - ERROR en fila 36: Número de columnas inconsistente. Se esperaban 13, se encontraron 3
2025-04-08 06:08:23 - Procesando fila 37
2025-04-08 06:08:23 - ERROR en fila 37: Número de columnas inconsistente. Se esperaban 13, se encontraron 4
2025-04-08 06:08:23 - Procesando fila 38
2025-04-08 06:08:23 - ERROR en fila 38: Número de columnas inconsistente. Se esperaban 13, se encontraron 4
2025-04-08 06:08:23 - Procesando fila 39
2025-04-08 06:08:23 - ERROR en fila 39: Número de columnas inconsistente. Se esperaban 13, se encontraron 4
2025-04-08 06:08:23 - Procesando fila 40
2025-04-08 06:08:23 - ERROR en fila 40: Número de columnas inconsistente. Se esperaban 13, se encontraron 4
2025-04-08 06:08:23 - Procesando fila 41
2025-04-08 06:08:23 - ERROR en fila 41: Número de columnas inconsistente. Se esperaban 13, se encontraron 4
2025-04-08 06:08:23 - Procesando fila 42
2025-04-08 06:08:23 - ERROR en fila 42: Número de columnas inconsistente. Se esperaban 13, se encontraron 3
2025-04-08 06:08:23 - Procesando fila 43
2025-04-08 06:08:23 - ERROR en fila 43: Número de columnas inconsistente. Se esperaban 13, se encontraron 3
2025-04-08 06:08:23 - Procesando fila 44
2025-04-08 06:08:23 - ERROR en fila 44: Número de columnas inconsistente. Se esperaban 13, se encontraron 2
2025-04-08 06:08:23 - Procesando fila 45
2025-04-08 06:08:23 - ERROR en fila 45: Número de columnas inconsistente. Se esperaban 13, se encontraron 4
2025-04-08 06:08:23 - Procesando fila 46
2025-04-08 06:08:23 - ERROR en fila 46: Número de columnas inconsistente. Se esperaban 13, se encontraron 3
2025-04-08 06:08:23 - Procesando fila 47
2025-04-08 06:08:23 - ERROR en fila 47: Número de columnas inconsistente. Se esperaban 13, se encontraron 2
2025-04-08 06:08:23 - Procesando fila 48
2025-04-08 06:08:23 - ERROR en fila 48: Número de columnas inconsistente. Se esperaban 13, se encontraron 3
2025-04-08 06:08:23 - Procesando fila 49
2025-04-08 06:08:23 - ERROR en fila 49: Número de columnas inconsistente. Se esperaban 13, se encontraron 4
2025-04-08 06:08:23 - Procesando fila 50
2025-04-08 06:08:23 - ERROR en fila 50: Número de columnas inconsistente. Se esperaban 13, se encontraron 3
2025-04-08 06:08:23 - Procesando fila 51
2025-04-08 06:08:23 - ERROR en fila 51: Número de columnas inconsistente. Se esperaban 13, se encontraron 4
2025-04-08 06:08:23 - Procesando fila 52
2025-04-08 06:08:23 - ERROR en fila 52: Número de columnas inconsistente. Se esperaban 13, se encontraron 6
2025-04-08 06:08:23 - Proceso de importación completado: 0 productos importados, 51 errores
