2025-04-08 08:49:22 - Iniciando proceso de importación
2025-04-08 08:49:22 - Archivo: prueba2.CSV
2025-04-08 08:49:22 - Categorías válidas para importación: 1, 2, 3, 4, 5, 6, 7, 8, 9, 10
2025-04-08 08:49:22 - Encabezados encontrados: nombre, precio, categoria_id, descripcion, descripcion_corta, precio_oferta, stock, marca, modelo, caracteristicas, destacado, nuevo, activo
2025-04-08 08:49:22 - Producto importado: HP-SMART-TANK-530-MULTIFUNCIONAL-WIFI
2025-04-08 08:49:22 - Producto importado: EPSON-ECOTANK-L3250-MULTIFUNCIONAL-WIFI
2025-04-08 08:49:22 - Producto importado: HP-DESKJET-2874-INYECCION-COMPACTA
2025-04-08 08:49:22 - Producto importado: NVIDIA-GEFORCE-RTX4060-TUF-GAMING-8GB
2025-04-08 08:49:22 - Producto importado: NVIDIA-GEFORCE-RTX3060-TUF-GAMING-12GB
2025-04-08 08:49:22 - Producto importado: AMD-RADEON-RX580-GAMING-8GB
2025-04-08 08:49:22 - Producto importado: AMD-RADEON-RX6500XT-GAMING-4GB
2025-04-08 08:49:22 - Producto importado: NVIDIA-GEFORCE-GT730-4GB-DDR3
2025-04-08 08:49:22 - Producto importado: INTEL-CORE-I5-12400-12VA
2025-04-08 08:49:22 - Producto importado: INTEL-CORE-I5-11400-11VA
2025-04-08 08:49:22 - Producto importado: INTEL-CORE-I5-10400F-10MA
2025-04-08 08:49:22 - Producto importado: INTEL-CORE-I3-10100F-10MA
2025-04-08 08:49:22 - Producto importado: INTEL-CORE-I5-9400-9NA
2025-04-08 08:49:22 - Producto importado: INTEL-CORE-I7-7700-7MA
2025-04-08 08:49:22 - Producto importado: INTEL-CORE-I5-7400-7MA
2025-04-08 08:49:22 - Producto importado: INTEL-CORE-I5-9400F-9NA
2025-04-08 08:49:22 - Producto importado: INTEL-CORE-I5-10500-10MA
2025-04-08 08:49:22 - Producto importado: INTEL-CORE-I5-12400F-12VA
2025-04-08 08:49:22 - Producto importado: INTEL-CORE-I3-12100F-12VA
2025-04-08 08:49:22 - Producto importado: INTEL-CORE-I7-9700KF-9NA
2025-04-08 08:49:22 - Producto importado: INTEL-CORE-I7-12700K-12VA
2025-04-08 08:49:22 - Producto importado: INTEL-CORE-I7-14700K-14VA
2025-04-08 08:49:22 - Producto importado: AMD-RYZEN-5-8600G-8VA
2025-04-08 08:49:22 - Producto importado: AMD-RYZEN-7-5700G-5TA
2025-04-08 08:49:22 - Producto importado: AMD-RYZEN-5-2400G-2DA
2025-04-08 08:49:22 - Producto importado: AMD-RYZEN-5-3600-3RA
2025-04-08 08:49:22 - Producto importado: AMD-RYZEN-3-2200G-2DA
2025-04-08 08:49:22 - Producto importado: GIGABYTE-ROG-B550-GAMING-X-AM4-ATX
2025-04-08 08:49:22 - Producto importado: GIGABYTE-AB350M-DS3H-V2-AM4-MATX
2025-04-08 08:49:22 - Producto importado: ASUS-PRIME-A320M-K-AM4-MATX
2025-04-08 08:49:22 - Producto importado: MSI-A320M-A-PRO-MAX-AM4-MATX
2025-04-08 08:49:22 - Producto importado: ASUS-PRIME-B450M-A-II-AM4-MATX
2025-04-08 08:49:22 - Producto importado: GIGABYTE-B450M-DS3H-AM4-MATX
2025-04-08 08:49:22 - Producto importado: MSI-B550M-PRO-VDH-WIFI-AM4-MATX
2025-04-08 08:49:22 - Producto importado: ASUS-PRIME-B650M-A-II-AM4-MATX
2025-04-08 08:49:22 - Producto importado: MSI-MAG-X670E-TOMAHAWK-WIFI-AM5-ATX
2025-04-08 08:49:22 - Producto importado: ASUS-ROG-STRIX-X670E-E-GAMING-WIFI-AM5-ATX
2025-04-08 08:49:22 - Producto importado: ASUS-PRIME-B760M-A-D4-LGA1700-MATX
2025-04-08 08:49:22 - Producto importado: GIGABYTE-X670-AORUS-ELITE-AX-AM5-ATX
2025-04-08 08:49:22 - Producto importado: ASUS-PRIME-B760M-A-D4-LGA1700-MATX
2025-04-08 08:49:22 - Producto importado: ASUS-PRIME-B760M-A-LGA1700-MATX
2025-04-08 08:49:22 - Producto importado: ASUS-PRIME-H610M-E-D4-LGA1700-MATX
2025-04-08 08:49:22 - Producto importado: GIGABYTE-H610M-H-DDR4-LGA1700-MATX
2025-04-08 08:49:22 - Producto importado: GIGABYTE-Z690-GAMING-X-DDR4-LGA1700-ATX
2025-04-08 08:49:22 - Producto importado: MSI-PRO-H510M-B-LGA1200-MATX
2025-04-08 08:49:22 - Producto importado: GIGABYTE-H510M-H-LGA1200-MATX
2025-04-08 08:49:22 - Producto importado: GIGABYTE-B560M-DS3H-V2-LGA1200-MATX
2025-04-08 08:49:22 - Producto importado: MSI-B460M-A-PRO-LGA1200-MATX
2025-04-08 08:49:22 - Producto importado: MSI-B365M-PRO-VDH-LGA1151-MATX
2025-04-08 08:49:22 - Producto importado: ASUS-ROG-STRIX-Z790-F-GAMING-WIFI-LGA1700-ATX
2025-04-08 08:49:22 - Producto importado: GIGABYTE-Z790-AORUS-ELITE-AX-LGA1700-ATX
2025-04-08 08:49:22 - Proceso de importación completado: 51 productos importados, 0 errores
